#
# There is insufficient memory for the Java Runtime Environment to continue.
# Native memory allocation (mmap) failed to map 85983232 bytes for committing reserved memory.
# Possible reasons:
#   The system is out of physical RAM or swap space
#   In 32 bit mode, the process size limit was hit
# Possible solutions:
#   Reduce memory load on the system
#   Increase physical memory or swap space
#   Check if swap backing store is full
#   Use 64 bit Java on a 64 bit OS
#   Decrease Java heap size (-Xmx/-Xms)
#   Decrease number of Java threads
#   Decrease Java thread stack sizes (-Xss)
#   Set larger code cache with -XX:ReservedCodeCacheSize=
# This output file may be truncated or incomplete.
#
#  Out of Memory Error (os_linux.cpp:2627), pid=20004, tid=0x00007f7826e67700
#
# JRE version: Java(TM) SE Runtime Environment (8.0_121-b13) (build 1.8.0_121-b13)
# Java VM: Java HotSpot(TM) 64-Bit Server VM (25.121-b13 mixed mode linux-amd64 compressed oops)
# Failed to write core dump. Core dumps have been disabled. To enable core dumping, try "ulimit -c unlimited" before starting Java again
#

---------------  T H R E A D  ---------------

Current thread (0x00007f7838073800):  VMThread [stack: 0x00007f7826d67000,0x00007f7826e68000] [id=20020]

Stack: [0x00007f7826d67000,0x00007f7826e68000],  sp=0x00007f7826e65fe0,  free space=1019k
Native frames: (J=compiled Java code, j=interpreted, Vv=VM code, C=native code)
V  [libjvm.so+0xac703a]  VMError::report_and_die()+0x2ba
V  [libjvm.so+0x4fc7eb]  report_vm_out_of_memory(char const*, int, unsigned long, VMErrorType, char const*)+0x8b
V  [libjvm.so+0x923c43]  os::Linux::commit_memory_impl(char*, unsigned long, bool)+0x103
V  [libjvm.so+0x924199]  os::pd_commit_memory(char*, unsigned long, unsigned long, bool)+0x29
V  [libjvm.so+0x91e4aa]  os::commit_memory(char*, unsigned long, unsigned long, bool)+0x2a
V  [libjvm.so+0x992f03]  PSVirtualSpace::expand_by(unsigned long)+0x53
V  [libjvm.so+0x994308]  PSYoungGen::resize_generation(unsigned long, unsigned long)+0xf8
V  [libjvm.so+0x993462]  PSYoungGen::resize(unsigned long, unsigned long)+0x22
V  [libjvm.so+0x99073b]  PSScavenge::invoke_no_policy()+0xf3b
V  [libjvm.so+0x990ec1]  PSScavenge::invoke()+0x41
V  [libjvm.so+0x947c10]  ParallelScavengeHeap::failed_mem_allocate(unsigned long)+0x70
V  [libjvm.so+0xac8a57]  VM_ParallelGCFailedAllocation::doit()+0x97
V  [libjvm.so+0xad0535]  VM_Operation::evaluate()+0x55
V  [libjvm.so+0xace90a]  VMThread::evaluate_operation(VM_Operation*)+0xba
V  [libjvm.so+0xacec8e]  VMThread::loop()+0x1ce
V  [libjvm.so+0xacf100]  VMThread::run()+0x70
V  [libjvm.so+0x926268]  java_start(Thread*)+0x108

VM_Operation (0x00007f783fe0a780): ParallelGCFailedAllocation, mode: safepoint, requested by thread 0x00007f783800a000


---------------  P R O C E S S  ---------------

Java Threads: ( => current thread )
  0x00007f78380dc000 JavaThread "Service Thread" daemon [_thread_blocked, id=20026, stack(0x00007f782607f000,0x00007f7826180000)]
  0x00007f78380b7000 JavaThread "C1 CompilerThread1" daemon [_thread_blocked, id=20025, stack(0x00007f7826180000,0x00007f7826281000)]
  0x00007f78380b4000 JavaThread "C2 CompilerThread0" daemon [_thread_blocked, id=20024, stack(0x00007f7826281000,0x00007f7826382000)]
  0x00007f78380b3000 JavaThread "Signal Dispatcher" daemon [_thread_blocked, id=20023, stack(0x00007f7826382000,0x00007f7826483000)]
  0x00007f7838080000 JavaThread "Finalizer" daemon [_thread_blocked, id=20022, stack(0x00007f7826b65000,0x00007f7826c66000)]
  0x00007f783807b800 JavaThread "Reference Handler" daemon [_thread_blocked, id=20021, stack(0x00007f7826c66000,0x00007f7826d67000)]
  0x00007f783800a000 JavaThread "main" [_thread_blocked, id=20017, stack(0x00007f783fd0e000,0x00007f783fe0f000)]

Other Threads:
=>0x00007f7838073800 VMThread [stack: 0x00007f7826d67000,0x00007f7826e68000] [id=20020]
  0x00007f78380df000 WatcherThread [stack: 0x00007f7825f7e000,0x00007f782607f000] [id=20027]

VM state:at safepoint (normal execution)

VM Mutex/Monitor currently owned by a thread:  ([mutex/lock_event])
[0x00007f7838006260] Threads_lock - owner thread: 0x00007f7838073800
[0x00007f7838006760] Heap_lock - owner thread: 0x00007f783800a000

Heap:
 PSYoungGen      total 88576K, used 7664K [0x00000000f3200000, 0x00000000f9100000, 0x0000000100000000)
  eden space 80896K, 0% used [0x00000000f3200000,0x00000000f3200000,0x00000000f8100000)
  from space 7680K, 99% used [0x00000000f8100000,0x00000000f887c010,0x00000000f8880000)
  to   space 6656K, 0% used [0x00000000f8880000,0x00000000f8880000,0x00000000f8f00000)
 ParOldGen       total 27648K, used 13930K [0x00000000d9600000, 0x00000000db100000, 0x00000000f3200000)
  object space 27648K, 50% used [0x00000000d9600000,0x00000000da39ab90,0x00000000db100000)
 Metaspace       used 17692K, capacity 17984K, committed 18176K, reserved 1064960K
  class space    used 2102K, capacity 2220K, committed 2304K, reserved 1048576K

Card table byte_map: [0x00007f783c984000,0x00007f783caba000] byte_map_base: 0x00007f783c2b9000

Marking Bits: (ParMarkBitMap*) 0x00007f783f1dcc80
 Begin Bits: [0x00007f7827cb0000, 0x00007f7828658000)
 End Bits:   [0x00007f7828658000, 0x00007f7829000000)

Polling page: 0x00007f783fe26000

CodeCache: size=245760Kb used=9392Kb max_used=9392Kb free=236367Kb
 bounds [0x00007f7829000000, 0x00007f7829940000, 0x00007f7838000000]
 total_blobs=3405 nmethods=3062 adapters=256
 compilation: enabled

Compilation events (10 events):
Event: 8.031 Thread 0x00007f78380b7000 nmethod 3077 0x00007f782992a510 code [0x00007f782992a680, 0x00007f782992a848]
Event: 8.031 Thread 0x00007f78380b7000 3078       2       org.apache.maven.model.Site::setLocation (35 bytes)
Event: 8.032 Thread 0x00007f78380b7000 nmethod 3078 0x00007f782992a910 code [0x00007f782992aa80, 0x00007f782992acc8]
Event: 8.050 Thread 0x00007f78380b7000 3079       2       org.apache.maven.model.io.DefaultModelReader::isStrict (37 bytes)
Event: 8.051 Thread 0x00007f78380b7000 nmethod 3079 0x00007f782992add0 code [0x00007f782992af60, 0x00007f782992b1a8]
Event: 8.051 Thread 0x00007f78380b7000 3080   !   2       org.apache.maven.model.io.DefaultModelReader::read (58 bytes)
Event: 8.051 Thread 0x00007f78380b7000 nmethod 3080 0x00007f782992b2d0 code [0x00007f782992b4a0, 0x00007f782992b958]
Event: 8.052 Thread 0x00007f78380b7000 3081       2       org.apache.maven.model.validation.DefaultModelValidator::validateRawModel (785 bytes)
Event: 8.062 Thread 0x00007f78380b7000 nmethod 3081 0x00007f782992bc90 code [0x00007f782992c280, 0x00007f782992ecb8]
Event: 8.062 Thread 0x00007f78380b7000 3084       2       org.apache.maven.model.io.xpp3.MavenXpp3Reader::read (121 bytes)

GC Heap History (10 events):
Event: 1.845 GC heap after
Heap after GC invocations=2 (full 0):
 PSYoungGen      total 22016K, used 1520K [0x00000000f3200000, 0x00000000f4900000, 0x0000000100000000)
  eden space 20480K, 0% used [0x00000000f3200000,0x00000000f3200000,0x00000000f4600000)
  from space 1536K, 98% used [0x00000000f4780000,0x00000000f48fc030,0x00000000f4900000)
  to   space 1536K, 0% used [0x00000000f4600000,0x00000000f4600000,0x00000000f4780000)
 ParOldGen       total 27648K, used 2196K [0x00000000d9600000, 0x00000000db100000, 0x00000000f3200000)
  object space 27648K, 7% used [0x00000000d9600000,0x00000000d9825310,0x00000000db100000)
 Metaspace       used 7568K, capacity 7676K, committed 7936K, reserved 1056768K
  class space    used 933K, capacity 984K, committed 1024K, reserved 1048576K
}
Event: 2.602 GC heap before
{Heap before GC invocations=3 (full 0):
 PSYoungGen      total 22016K, used 22000K [0x00000000f3200000, 0x00000000f4900000, 0x0000000100000000)
  eden space 20480K, 100% used [0x00000000f3200000,0x00000000f4600000,0x00000000f4600000)
  from space 1536K, 98% used [0x00000000f4780000,0x00000000f48fc030,0x00000000f4900000)
  to   space 1536K, 0% used [0x00000000f4600000,0x00000000f4600000,0x00000000f4780000)
 ParOldGen       total 27648K, used 2196K [0x00000000d9600000, 0x00000000db100000, 0x00000000f3200000)
  object space 27648K, 7% used [0x00000000d9600000,0x00000000d9825310,0x00000000db100000)
 Metaspace       used 9373K, capacity 9454K, committed 9728K, reserved 1058816K
  class space    used 1166K, capacity 1212K, committed 1280K, reserved 1048576K
Event: 2.624 GC heap after
Heap after GC invocations=3 (full 0):
 PSYoungGen      total 22016K, used 1536K [0x00000000f3200000, 0x00000000f5d00000, 0x0000000100000000)
  eden space 20480K, 0% used [0x00000000f3200000,0x00000000f3200000,0x00000000f4600000)
  from space 1536K, 100% used [0x00000000f4600000,0x00000000f4780000,0x00000000f4780000)
  to   space 1536K, 0% used [0x00000000f5b80000,0x00000000f5b80000,0x00000000f5d00000)
 ParOldGen       total 27648K, used 4851K [0x00000000d9600000, 0x00000000db100000, 0x00000000f3200000)
  object space 27648K, 17% used [0x00000000d9600000,0x00000000d9abcf70,0x00000000db100000)
 Metaspace       used 9373K, capacity 9454K, committed 9728K, reserved 1058816K
  class space    used 1166K, capacity 1212K, committed 1280K, reserved 1048576K
}
Event: 3.468 GC heap before
{Heap before GC invocations=4 (full 0):
 PSYoungGen      total 22016K, used 22016K [0x00000000f3200000, 0x00000000f5d00000, 0x0000000100000000)
  eden space 20480K, 100% used [0x00000000f3200000,0x00000000f4600000,0x00000000f4600000)
  from space 1536K, 100% used [0x00000000f4600000,0x00000000f4780000,0x00000000f4780000)
  to   space 1536K, 0% used [0x00000000f5b80000,0x00000000f5b80000,0x00000000f5d00000)
 ParOldGen       total 27648K, used 4851K [0x00000000d9600000, 0x00000000db100000, 0x00000000f3200000)
  object space 27648K, 17% used [0x00000000d9600000,0x00000000d9abcf70,0x00000000db100000)
 Metaspace       used 12263K, capacity 12494K, committed 12800K, reserved 1060864K
  class space    used 1563K, capacity 1669K, committed 1792K, reserved 1048576K
Event: 3.507 GC heap after
Heap after GC invocations=4 (full 0):
 PSYoungGen      total 42496K, used 1520K [0x00000000f3200000, 0x00000000f5d00000, 0x0000000100000000)
  eden space 40960K, 0% used [0x00000000f3200000,0x00000000f3200000,0x00000000f5a00000)
  from space 1536K, 98% used [0x00000000f5b80000,0x00000000f5cfc010,0x00000000f5d00000)
  to   space 1536K, 0% used [0x00000000f5a00000,0x00000000f5a00000,0x00000000f5b80000)
 ParOldGen       total 27648K, used 8861K [0x00000000d9600000, 0x00000000db100000, 0x00000000f3200000)
  object space 27648K, 32% used [0x00000000d9600000,0x00000000d9ea7528,0x00000000db100000)
 Metaspace       used 12263K, capacity 12494K, committed 12800K, reserved 1060864K
  class space    used 1563K, capacity 1669K, committed 1792K, reserved 1048576K
}
Event: 5.266 GC heap before
{Heap before GC invocations=5 (full 0):
 PSYoungGen      total 42496K, used 42480K [0x00000000f3200000, 0x00000000f5d00000, 0x0000000100000000)
  eden space 40960K, 100% used [0x00000000f3200000,0x00000000f5a00000,0x00000000f5a00000)
  from space 1536K, 98% used [0x00000000f5b80000,0x00000000f5cfc010,0x00000000f5d00000)
  to   space 1536K, 0% used [0x00000000f5a00000,0x00000000f5a00000,0x00000000f5b80000)
 ParOldGen       total 27648K, used 8861K [0x00000000d9600000, 0x00000000db100000, 0x00000000f3200000)
  object space 27648K, 32% used [0x00000000d9600000,0x00000000d9ea7528,0x00000000db100000)
 Metaspace       used 14664K, capacity 14882K, committed 15232K, reserved 1062912K
  class space    used 1791K, capacity 1875K, committed 1920K, reserved 1048576K
Event: 5.292 GC heap after
Heap after GC invocations=5 (full 0):
 PSYoungGen      total 42496K, used 1536K [0x00000000f3200000, 0x00000000f8f00000, 0x0000000100000000)
  eden space 40960K, 0% used [0x00000000f3200000,0x00000000f3200000,0x00000000f5a00000)
  from space 1536K, 100% used [0x00000000f5a00000,0x00000000f5b80000,0x00000000f5b80000)
  to   space 6656K, 0% used [0x00000000f8880000,0x00000000f8880000,0x00000000f8f00000)
 ParOldGen       total 27648K, used 12666K [0x00000000d9600000, 0x00000000db100000, 0x00000000f3200000)
  object space 27648K, 45% used [0x00000000d9600000,0x00000000da25ea00,0x00000000db100000)
 Metaspace       used 14664K, capacity 14882K, committed 15232K, reserved 1062912K
  class space    used 1791K, capacity 1875K, committed 1920K, reserved 1048576K
}
Event: 6.245 GC heap before
{Heap before GC invocations=6 (full 0):
 PSYoungGen      total 42496K, used 42496K [0x00000000f3200000, 0x00000000f8f00000, 0x0000000100000000)
  eden space 40960K, 100% used [0x00000000f3200000,0x00000000f5a00000,0x00000000f5a00000)
  from space 1536K, 100% used [0x00000000f5a00000,0x00000000f5b80000,0x00000000f5b80000)
  to   space 6656K, 0% used [0x00000000f8880000,0x00000000f8880000,0x00000000f8f00000)
 ParOldGen       total 27648K, used 12666K [0x00000000d9600000, 0x00000000db100000, 0x00000000f3200000)
  object space 27648K, 45% used [0x00000000d9600000,0x00000000da25ea00,0x00000000db100000)
 Metaspace       used 17173K, capacity 17386K, committed 17664K, reserved 1064960K
  class space    used 2089K, capacity 2179K, committed 2304K, reserved 1048576K
Event: 6.315 GC heap after
Heap after GC invocations=6 (full 0):
 PSYoungGen      total 87552K, used 6520K [0x00000000f3200000, 0x00000000f9100000, 0x0000000100000000)
  eden space 80896K, 0% used [0x00000000f3200000,0x00000000f3200000,0x00000000f8100000)
  from space 6656K, 97% used [0x00000000f8880000,0x00000000f8ede268,0x00000000f8f00000)
  to   space 7680K, 0% used [0x00000000f8100000,0x00000000f8100000,0x00000000f8880000)
 ParOldGen       total 27648K, used 12674K [0x00000000d9600000, 0x00000000db100000, 0x00000000f3200000)
  object space 27648K, 45% used [0x00000000d9600000,0x00000000da260a00,0x00000000db100000)
 Metaspace       used 17173K, capacity 17386K, committed 17664K, reserved 1064960K
  class space    used 2089K, capacity 2179K, committed 2304K, reserved 1048576K
}
Event: 8.070 GC heap before
{Heap before GC invocations=7 (full 0):
 PSYoungGen      total 87552K, used 87416K [0x00000000f3200000, 0x00000000f9100000, 0x0000000100000000)
  eden space 80896K, 100% used [0x00000000f3200000,0x00000000f8100000,0x00000000f8100000)
  from space 6656K, 97% used [0x00000000f8880000,0x00000000f8ede268,0x00000000f8f00000)
  to   space 7680K, 0% used [0x00000000f8100000,0x00000000f8100000,0x00000000f8880000)
 ParOldGen       total 27648K, used 12674K [0x00000000d9600000, 0x00000000db100000, 0x00000000f3200000)
  object space 27648K, 45% used [0x00000000d9600000,0x00000000da260a00,0x00000000db100000)
 Metaspace       used 17692K, capacity 17984K, committed 18176K, reserved 1064960K
  class space    used 2102K, capacity 2220K, committed 2304K, reserved 1048576K

Deoptimization events (10 events):
Event: 6.459 Thread 0x00007f783800a000 Uncommon trap: reason=class_check action=maybe_recompile pc=0x00007f78296d5248 method=java.util.regex.Pattern$7.isSatisfiedBy(I)Z @ 16
Event: 6.459 Thread 0x00007f783800a000 Uncommon trap: reason=class_check action=maybe_recompile pc=0x00007f78296d5248 method=java.util.regex.Pattern$7.isSatisfiedBy(I)Z @ 16
Event: 6.459 Thread 0x00007f783800a000 Uncommon trap: reason=class_check action=maybe_recompile pc=0x00007f78296d525c method=java.util.regex.Pattern$CharProperty$1.isSatisfiedBy(I)Z @ 5
Event: 6.459 Thread 0x00007f783800a000 Uncommon trap: reason=class_check action=maybe_recompile pc=0x00007f78296d5248 method=java.util.regex.Pattern$7.isSatisfiedBy(I)Z @ 16
Event: 6.459 Thread 0x00007f783800a000 Uncommon trap: reason=class_check action=maybe_recompile pc=0x00007f78296d5248 method=java.util.regex.Pattern$7.isSatisfiedBy(I)Z @ 16
Event: 6.459 Thread 0x00007f783800a000 Uncommon trap: reason=class_check action=maybe_recompile pc=0x00007f78296a4034 method=java.util.regex.Pattern$CharProperty$1.isSatisfiedBy(I)Z @ 5
Event: 6.459 Thread 0x00007f783800a000 Uncommon trap: reason=class_check action=maybe_recompile pc=0x00007f78296a4034 method=java.util.regex.Pattern$CharProperty$1.isSatisfiedBy(I)Z @ 5
Event: 6.459 Thread 0x00007f783800a000 Uncommon trap: reason=class_check action=maybe_recompile pc=0x00007f78296a4034 method=java.util.regex.Pattern$CharProperty$1.isSatisfiedBy(I)Z @ 5
Event: 7.731 Thread 0x00007f783800a000 Uncommon trap: reason=unstable_if action=reinterpret pc=0x00007f78298ecaac method=java.util.regex.Pattern$Curly.match0(Ljava/util/regex/Matcher;IILjava/lang/CharSequence;)Z @ 5
Event: 7.734 Thread 0x00007f783800a000 Uncommon trap: reason=unstable_if action=reinterpret pc=0x00007f78296957b0 method=java.util.regex.Pattern$Curly.match0(Ljava/util/regex/Matcher;IILjava/lang/CharSequence;)Z @ 5

Internal exceptions (10 events):
Event: 3.948 Thread 0x00007f783800a000 Exception <a 'java/lang/NullPointerException'> (0x00000000f383f2d8) thrown at [/HUDSON3/workspace/8-2-build-linux-amd64/jdk8u121/8372/hotspot/src/share/vm/interpreter/linkResolver.cpp, line 1178]
Event: 3.948 Thread 0x00007f783800a000 Exception <a 'java/lang/NullPointerException'> (0x00000000f383f4f0) thrown at [/HUDSON3/workspace/8-2-build-linux-amd64/jdk8u121/8372/hotspot/src/share/vm/interpreter/linkResolver.cpp, line 1178]
Event: 3.948 Thread 0x00007f783800a000 Exception <a 'java/lang/NullPointerException'> (0x00000000f383f708) thrown at [/HUDSON3/workspace/8-2-build-linux-amd64/jdk8u121/8372/hotspot/src/share/vm/interpreter/linkResolver.cpp, line 1178]
Event: 3.949 Thread 0x00007f783800a000 Exception <a 'java/lang/NullPointerException'> (0x00000000f384ee08) thrown at [/HUDSON3/workspace/8-2-build-linux-amd64/jdk8u121/8372/hotspot/src/share/vm/interpreter/linkResolver.cpp, line 1178]
Event: 3.949 Thread 0x00007f783800a000 Exception <a 'java/lang/NullPointerException'> (0x00000000f384f020) thrown at [/HUDSON3/workspace/8-2-build-linux-amd64/jdk8u121/8372/hotspot/src/share/vm/interpreter/linkResolver.cpp, line 1178]
Event: 3.949 Thread 0x00007f783800a000 Exception <a 'java/lang/NullPointerException'> (0x00000000f384f238) thrown at [/HUDSON3/workspace/8-2-build-linux-amd64/jdk8u121/8372/hotspot/src/share/vm/interpreter/linkResolver.cpp, line 1178]
Event: 4.806 Thread 0x00007f783800a000 Implicit null exception at 0x00007f7829624ab9 to 0x00007f78296255cd
Event: 5.980 Thread 0x00007f783800a000 Exception <a 'java/lang/NoClassDefFoundError': org/sonatype/aether/graph/DependencyNode> (0x00000000f4ca7c18) thrown at [/HUDSON3/workspace/8-2-build-linux-amd64/jdk8u121/8372/hotspot/src/share/vm/classfile/systemDictionary.cpp, line 199]
Event: 6.359 Thread 0x00007f783800a000 Implicit null exception at 0x00007f7829378bb5 to 0x00007f7829378dbd
Event: 6.359 Thread 0x00007f783800a000 Implicit null exception at 0x00007f78292e0eef to 0x00007f78292e0f59

Events (10 events):
Event: 7.312 Executing VM operation: RevokeBias done
Event: 7.314 Thread 0x00007f783800a000 DEOPT PACKING pc=0x00007f7829620596 sp=0x00007f783fe0a8e0
Event: 7.314 Thread 0x00007f783800a000 DEOPT UNPACKING pc=0x00007f7829047633 sp=0x00007f783fe0a648 mode 0
Event: 7.731 Thread 0x00007f783800a000 Uncommon trap: trap_request=0xffffff65 fr.pc=0x00007f78298ecaac
Event: 7.731 Thread 0x00007f783800a000 DEOPT PACKING pc=0x00007f78298ecaac sp=0x00007f783fe0a230
Event: 7.731 Thread 0x00007f783800a000 DEOPT UNPACKING pc=0x00007f7829005229 sp=0x00007f783fe0a160 mode 2
Event: 7.734 Thread 0x00007f783800a000 Uncommon trap: trap_request=0xffffff65 fr.pc=0x00007f78296957b0
Event: 7.734 Thread 0x00007f783800a000 DEOPT PACKING pc=0x00007f78296957b0 sp=0x00007f783fe09b60
Event: 7.734 Thread 0x00007f783800a000 DEOPT UNPACKING pc=0x00007f7829005229 sp=0x00007f783fe09b30 mode 2
Event: 8.067 Executing VM operation: ParallelGCFailedAllocation


Dynamic libraries:
00400000-00401000 r-xp 00000000 08:01 543784                             /usr/lib/jvm/java-8-oracle/bin/java
00600000-00601000 rw-p 00000000 08:01 543784                             /usr/lib/jvm/java-8-oracle/bin/java
018be000-018df000 rw-p 00000000 00:00 0                                  [heap]
d9600000-db100000 rw-p 00000000 00:00 0 
db100000-f3200000 ---p 00000000 00:00 0 
f3200000-f9100000 rw-p 00000000 00:00 0 
fe300000-100000000 ---p 00000000 00:00 0 
100000000-100240000 rw-p 00000000 00:00 0 
100240000-140000000 ---p 00000000 00:00 0 
7f77f8000000-7f77f8021000 rw-p 00000000 00:00 0 
7f77f8021000-7f77fc000000 ---p 00000000 00:00 0 
7f7800000000-7f7801188000 rw-p 00000000 00:00 0 
7f7801188000-7f7804000000 ---p 00000000 00:00 0 
7f7804000000-7f7804021000 rw-p 00000000 00:00 0 
7f7804021000-7f7808000000 ---p 00000000 00:00 0 
7f7808000000-7f7808021000 rw-p 00000000 00:00 0 
7f7808021000-7f780c000000 ---p 00000000 00:00 0 
7f780c000000-7f780d70a000 rw-p 00000000 00:00 0 
7f780d70a000-7f7810000000 ---p 00000000 00:00 0 
7f7810000000-7f7810021000 rw-p 00000000 00:00 0 
7f7810021000-7f7814000000 ---p 00000000 00:00 0 
7f7814000000-7f7814021000 rw-p 00000000 00:00 0 
7f7814021000-7f7818000000 ---p 00000000 00:00 0 
7f7818000000-7f7818021000 rw-p 00000000 00:00 0 
7f7818021000-7f781c000000 ---p 00000000 00:00 0 
7f781c000000-7f781c28e000 rw-p 00000000 00:00 0 
7f781c28e000-7f7820000000 ---p 00000000 00:00 0 
7f7820000000-7f7820021000 rw-p 00000000 00:00 0 
7f7820021000-7f7824000000 ---p 00000000 00:00 0 
7f78251e0000-7f7825361000 rw-p 00000000 00:00 0 
7f7825361000-7f78253e1000 ---p 00000000 00:00 0 
7f78253e1000-7f78253e4000 r--s 00023000 08:01 133101                     /home/tsf/.m2/repository/org/jdom/jdom/1.1/jdom-1.1.jar
7f78253e4000-7f78253e6000 r--s 00004000 08:01 133100                     /home/tsf/.m2/repository/org/apache/maven/doxia/doxia-module-xhtml/1.0/doxia-module-xhtml-1.0.jar
7f78253e6000-7f78253e7000 r--s 00006000 08:01 133096                     /home/tsf/.m2/repository/org/apache/maven/doxia/doxia-module-xdoc/1.0/doxia-module-xdoc-1.0.jar
7f78253e7000-7f78253e8000 r--s 00004000 08:01 133095                     /home/tsf/.m2/repository/org/apache/maven/doxia/doxia-module-fml/1.0/doxia-module-fml-1.0.jar
7f78253e8000-7f78253ea000 r--s 0000a000 08:01 133094                     /home/tsf/.m2/repository/org/apache/maven/doxia/doxia-module-apt/1.0/doxia-module-apt-1.0.jar
7f78253ea000-7f78253f7000 r--s 0007f000 08:01 133090                     /home/tsf/.m2/repository/commons-collections/commons-collections/3.2/commons-collections-3.2.jar
7f78253f7000-7f78253f8000 r--s 0000b000 08:01 133089                     /home/tsf/.m2/repository/org/apache/maven/doxia/doxia-decoration-model/1.0/doxia-decoration-model-1.0.jar
7f78253f8000-7f78253fa000 r--s 0000e000 08:01 133081                     /home/tsf/.m2/repository/oro/oro/2.0.8/oro-2.0.8.jar
7f78253fa000-7f78253fe000 r--s 0002f000 08:01 133087                     /home/tsf/.m2/repository/commons-lang/commons-lang/2.1/commons-lang-2.1.jar
7f78253fe000-7f7825406000 r--s 00058000 08:01 1064904                    /home/tsf/.m2/repository/org/apache/velocity/velocity/1.5/velocity-1.5.jar
7f7825406000-7f7825407000 r--s 00001000 08:01 133082                     /home/tsf/.m2/repository/org/codehaus/plexus/plexus-velocity/1.1.7/plexus-velocity-1.1.7.jar
7f7825407000-7f7825408000 r--s 00002000 08:01 133080                     /home/tsf/.m2/repository/org/codehaus/plexus/plexus-i18n/1.0-beta-7/plexus-i18n-1.0-beta-7.jar
7f7825408000-7f782540b000 r--s 0000b000 08:01 133078                     /home/tsf/.m2/repository/org/apache/maven/doxia/doxia-core/1.0/doxia-core-1.0.jar
7f782540b000-7f782540d000 r--s 0000a000 08:01 1450422                    /home/tsf/.m2/repository/org/apache/maven/doxia/doxia-site-renderer/1.0/doxia-site-renderer-1.0.jar
7f782540d000-7f782540e000 r--s 00002000 08:01 1706049                    /home/tsf/.m2/repository/org/apache/maven/doxia/doxia-sink-api/1.0/doxia-sink-api-1.0.jar
7f782540e000-7f7825410000 r--s 00001000 08:01 1578157                    /home/tsf/.m2/repository/org/sonatype/plexus/plexus-build-api/0.0.7/plexus-build-api-0.0.7.jar
7f7825410000-7f7825414000 r--s 00035000 08:01 133076                     /home/tsf/.m2/repository/org/codehaus/plexus/plexus-utils/3.0.10/plexus-utils-3.0.10.jar
7f7825414000-7f7825418000 r--s 0001d000 08:01 1706046                    /home/tsf/.m2/repository/org/eclipse/aether/aether-util/0.9.0.M2/aether-util-0.9.0.M2.jar
7f7825418000-7f782541a000 r--s 00000000 08:01 1706039                    /home/tsf/.m2/repository/org/codehaus/plexus/plexus-component-annotations/1.5.5/plexus-component-annotations-1.5.5.jar
7f782541a000-7f782541d000 r--s 0000c000 08:01 1706042                    /home/tsf/.m2/repository/org/apache/maven/shared/maven-dependency-tree/2.1/maven-dependency-tree-2.1.jar
7f782541d000-7f782541f000 r--s 0000d000 08:01 1208042                    /home/tsf/.m2/repository/org/codehaus/plexus/plexus-interpolation/1.15/plexus-interpolation-1.15.jar
7f782541f000-7f7825422000 r--s 0000c000 08:01 1706040                    /home/tsf/.m2/repository/org/codehaus/plexus/plexus-io/2.0.2/plexus-io-2.0.2.jar
7f7825422000-7f7825427000 r--s 00029000 08:01 1706038                    /home/tsf/.m2/repository/org/codehaus/plexus/plexus-archiver/2.1/plexus-archiver-2.1.jar
7f7825427000-7f7825429000 r--s 00004000 08:01 1450408                    /home/tsf/.m2/repository/org/apache/maven/maven-archiver/2.5/maven-archiver-2.5.jar
7f7825429000-7f782542b000 r--s 00002000 08:01 1578158                    /home/tsf/.m2/repository/org/sonatype/plexus/plexus-cipher/1.4/plexus-cipher-1.4.jar
7f782542b000-7f782542c000 r--s 00006000 08:01 1578155                    /home/tsf/.m2/repository/org/sonatype/plexus/plexus-sec-dispatcher/1.3/plexus-sec-dispatcher-1.3.jar
7f782542c000-7f7825434000 r--s 00049000 08:01 1345767                    /home/tsf/.m2/repository/backport-util-concurrent/backport-util-concurrent/3.1/backport-util-concurrent-3.1.jar
7f7825434000-7f7825436000 r--s 00002000 08:01 1450416                    /home/tsf/.m2/repository/org/codehaus/plexus/plexus-interactivity-api/1.0-alpha-4/plexus-interactivity-api-1.0-alpha-4.jar
7f7825436000-7f7825438000 r--s 00009000 08:01 1450409                    /home/tsf/.m2/repository/commons-cli/commons-cli/1.2/commons-cli-1.2.jar
7f7825438000-7f782543a000 r--s 00009000 08:01 1208043                    /home/tsf/.m2/repository/org/hamcrest/hamcrest-core/1.3/hamcrest-core-1.3.jar
7f782543a000-7f7825440000 r--s 00036000 08:01 1208041                    /home/tsf/.m2/repository/junit/junit/4.11/junit-4.11.jar
7f7825440000-7f7825441000 r--s 00002000 08:01 1345760                    /home/tsf/.m2/repository/org/apache/maven/doxia/doxia-logging-api/1.1/doxia-logging-api-1.1.jar
7f7825441000-7f7825442000 r--s 00002000 08:01 1208037                    /home/tsf/.m2/repository/org/apache/maven/reporting/maven-reporting-api/2.2.0/maven-reporting-api-2.2.0.jar
7f7825442000-7f7825444000 r--s 00003000 08:01 1345768                    /home/tsf/.m2/repository/org/slf4j/jcl-over-slf4j/1.5.6/jcl-over-slf4j-1.5.6.jar
7f7825444000-7f7825446000 r--s 00001000 08:01 1345761                    /home/tsf/.m2/repository/org/slf4j/slf4j-jdk14/1.5.6/slf4j-jdk14-1.5.6.jar
7f7825446000-7f7825454000 r--s 00088000 08:01 1064896                    /home/tsf/.m2/repository/org/osgi/org.osgi.compendium/4.2.0/org.osgi.compendium-4.2.0.jar
7f7825454000-7f7825456000 r--s 0000f000 08:01 934864                     /home/tsf/.m2/repository/org/apache/felix/org.apache.felix.utils/1.6.0/org.apache.felix.utils-1.6.0.jar
7f7825456000-7f7825459000 r--s 00015000 08:01 934862                     /home/tsf/.m2/repository/org/easymock/easymock/2.5.2/easymock-2.5.2.jar
7f7825459000-7f782545d000 r--s 00026000 08:01 934860                     /home/tsf/.m2/repository/org/apache/felix/org.apache.felix.bundlerepository/1.6.6/org.apache.felix.bundlerepository-1.6.6.jar
7f782545d000-7f7825482000 r--s 001f1000 08:01 934858                     /home/tsf/.m2/repository/biz/aQute/bnd/biz.aQute.bndlib/3.0.0/biz.aQute.bndlib-3.0.0.jar
7f7825482000-7f7825489000 r--s 0004f000 08:01 934856                     /home/tsf/.m2/repository/org/osgi/org.osgi.core/4.3.1/org.osgi.core-4.3.1.jar
7f7825489000-7f782548d000 r--s 00030000 08:01 801899                     /home/tsf/.m2/repository/org/apache/felix/maven-bundle-plugin/3.0.1/maven-bundle-plugin-3.0.1.jar
7f782548d000-7f782549e000 r-xp 00000000 08:01 543484                     /usr/lib/jvm/java-8-oracle/jre/lib/amd64/libnio.so
7f782549e000-7f782569d000 ---p 00011000 08:01 543484                     /usr/lib/jvm/java-8-oracle/jre/lib/amd64/libnio.so
7f782569d000-7f782569e000 rw-p 00010000 08:01 543484                     /usr/lib/jvm/java-8-oracle/jre/lib/amd64/libnio.so
7f782569e000-7f78256b4000 r-xp 00000000 08:01 543514                     /usr/lib/jvm/java-8-oracle/jre/lib/amd64/libnet.so
7f78256b4000-7f78258b4000 ---p 00016000 08:01 543514                     /usr/lib/jvm/java-8-oracle/jre/lib/amd64/libnet.so
7f78258b4000-7f78258b5000 rw-p 00016000 08:01 543514                     /usr/lib/jvm/java-8-oracle/jre/lib/amd64/libnet.so
7f78258b5000-7f7825ab5000 rw-p 00000000 00:00 0 
7f7825ab5000-7f7825ab9000 r--s 0009a000 08:01 543629                     /usr/lib/jvm/java-8-oracle/jre/lib/jsse.jar
7f7825ab9000-7f7825cb9000 rw-p 00000000 00:00 0 
7f7825cb9000-7f7825eb9000 rw-p 00000000 00:00 0 
7f7825eb9000-7f7825eba000 r--s 00006000 08:01 801773                     /home/tsf/Applications/apache-maven-3.3.9/lib/plexus-sec-dispatcher-1.3.jar
7f7825eba000-7f7825ebc000 r--s 0000f000 08:01 801785                     /home/tsf/Applications/apache-maven-3.3.9/lib/maven-aether-provider-3.3.9.jar
7f7825ebc000-7f7825ebf000 r--s 0000d000 08:01 801771                     /home/tsf/Applications/apache-maven-3.3.9/lib/plexus-interpolation-1.21.jar
7f7825ebf000-7f7825ec1000 r--s 00009000 08:01 801769                     /home/tsf/Applications/apache-maven-3.3.9/lib/maven-settings-builder-3.3.9.jar
7f7825ec1000-7f7825ec2000 r--s 00002000 08:01 801801                     /home/tsf/Applications/apache-maven-3.3.9/lib/wagon-file-2.10.jar
7f7825ec2000-7f7825ec3000 r--s 00002000 08:01 801804                     /home/tsf/Applications/apache-maven-3.3.9/lib/slf4j-simple-1.7.5.jar
7f7825ec3000-7f7825ec5000 r--s 00000000 08:01 801772                     /home/tsf/Applications/apache-maven-3.3.9/lib/plexus-component-annotations-1.6.jar
7f7825ec5000-7f7825ec9000 r--s 00027000 08:01 801800                     /home/tsf/Applications/apache-maven-3.3.9/lib/commons-io-2.2.jar
7f7825ec9000-7f7825ecb000 r--s 00005000 08:01 801794                     /home/tsf/Applications/apache-maven-3.3.9/lib/slf4j-api-1.7.5.jar
7f7825ecb000-7f7825ef6000 r--s 001fc000 08:01 801784                     /home/tsf/Applications/apache-maven-3.3.9/lib/guava-18.0.jar
7f7825ef6000-7f7825ef9000 r--s 0000b000 08:01 801793                     /home/tsf/Applications/apache-maven-3.3.9/lib/wagon-provider-api-2.10.jar
7f7825ef9000-7f7825efc000 r--s 00026000 08:01 801767                     /home/tsf/Applications/apache-maven-3.3.9/lib/maven-model-3.3.9.jar
7f7825efc000-7f7825efe000 r--s 00000000 08:01 801791                     /home/tsf/Applications/apache-maven-3.3.9/lib/aopalliance-1.0.jar
7f7825efe000-7f7825f04000 r--s 00041000 08:01 801792                     /home/tsf/Applications/apache-maven-3.3.9/lib/maven-compat-3.3.9.jar
7f7825f04000-7f7825f05000 r--s 00003000 08:01 801770                     /home/tsf/Applications/apache-maven-3.3.9/lib/maven-builder-support-3.3.9.jar
7f7825f05000-7f7825f07000 r--s 00009000 08:01 801795                     /home/tsf/Applications/apache-maven-3.3.9/lib/commons-cli-1.2.jar
7f7825f07000-7f7825f08000 r--s 00002000 08:01 801797                     /home/tsf/Applications/apache-maven-3.3.9/lib/wagon-http-shared-2.10.jar
7f7825f08000-7f7825f09000 r--s 00001000 08:01 801780                     /home/tsf/Applications/apache-maven-3.3.9/lib/jsr250-api-1.0.jar
7f7825f09000-7f7825f11000 r--s 00055000 08:01 801782                     /home/tsf/Applications/apache-maven-3.3.9/lib/org.eclipse.sisu.inject-0.3.2.jar
7f7825f11000-7f7825f13000 r--s 00005000 08:01 801803                     /home/tsf/Applications/apache-maven-3.3.9/lib/aether-transport-wagon-1.0.2.v20150114.jar
7f7825f13000-7f7825f17000 r--s 00038000 08:01 801765                     /home/tsf/Applications/apache-maven-3.3.9/lib/plexus-utils-3.0.22.jar
7f7825f17000-7f7825f18000 r--s 00000000 08:01 801781                     /home/tsf/Applications/apache-maven-3.3.9/lib/javax.inject-1.jar
7f7825f18000-7f7825f19000 r--s 00008000 08:01 801802                     /home/tsf/Applications/apache-maven-3.3.9/lib/aether-connector-basic-1.0.2.v20150114.jar
7f7825f19000-7f7825f20000 r--s 00064000 08:01 801768                     /home/tsf/Applications/apache-maven-3.3.9/lib/commons-lang3-3.4.jar
7f7825f20000-7f7825f24000 r--s 00020000 08:01 801788                     /home/tsf/Applications/apache-maven-3.3.9/lib/aether-util-1.0.2.v20150114.jar
7f7825f24000-7f7825f2d000 r--s 0005f000 08:01 801790                     /home/tsf/Applications/apache-maven-3.3.9/lib/guice-4.0-no_aop.jar
7f7825f2d000-7f7825f33000 r--s 00042000 08:01 801798                     /home/tsf/Applications/apache-maven-3.3.9/lib/jsoup-1.7.2.jar
7f7825f33000-7f7825f40000 r--s 0008f000 08:01 801766                     /home/tsf/Applications/apache-maven-3.3.9/lib/maven-core-3.3.9.jar
7f7825f40000-7f7825f6e000 r--s 001fa000 08:01 801796                     /home/tsf/Applications/apache-maven-3.3.9/lib/wagon-http-2.10-shaded.jar
7f7825f6e000-7f7825f70000 r--s 0000c000 08:01 801776                     /home/tsf/Applications/apache-maven-3.3.9/lib/maven-artifact-3.3.9.jar
7f7825f70000-7f7825f72000 r--s 0000a000 08:01 801777                     /home/tsf/Applications/apache-maven-3.3.9/lib/maven-plugin-api-3.3.9.jar
7f7825f72000-7f7825f77000 r--s 00027000 08:01 801783                     /home/tsf/Applications/apache-maven-3.3.9/lib/maven-model-builder-3.3.9.jar
7f7825f77000-7f7825f79000 r--s 00006000 08:01 801787                     /home/tsf/Applications/apache-maven-3.3.9/lib/aether-spi-1.0.2.v20150114.jar
7f7825f79000-7f7825f7e000 r--s 00041000 08:01 801799                     /home/tsf/Applications/apache-maven-3.3.9/lib/commons-lang-2.6.jar
7f7825f7e000-7f7825f7f000 ---p 00000000 00:00 0 
7f7825f7f000-7f782607f000 rw-p 00000000 00:00 0 
7f782607f000-7f7826082000 ---p 00000000 00:00 0 
7f7826082000-7f7826180000 rw-p 00000000 00:00 0 
7f7826180000-7f7826183000 ---p 00000000 00:00 0 
7f7826183000-7f7826281000 rw-p 00000000 00:00 0 
7f7826281000-7f7826284000 ---p 00000000 00:00 0 
7f7826284000-7f7826382000 rw-p 00000000 00:00 0 
7f7826382000-7f7826385000 ---p 00000000 00:00 0 
7f7826385000-7f7826483000 rw-p 00000000 00:00 0 
7f7826483000-7f7826b65000 r--p 00000000 08:01 531464                     /usr/lib/locale/locale-archive
7f7826b65000-7f7826b68000 ---p 00000000 00:00 0 
7f7826b68000-7f7826c66000 rw-p 00000000 00:00 0 
7f7826c66000-7f7826c69000 ---p 00000000 00:00 0 
7f7826c69000-7f7826d67000 rw-p 00000000 00:00 0 
7f7826d67000-7f7826d68000 ---p 00000000 00:00 0 
7f7826d68000-7f7829000000 rw-p 00000000 00:00 0 
7f7829000000-7f7829940000 rwxp 00000000 00:00 0 
7f7829940000-7f7838000000 ---p 00000000 00:00 0 
7f7838000000-7f7838b76000 rw-p 00000000 00:00 0 
7f7838b76000-7f783c000000 ---p 00000000 00:00 0 
7f783c000000-7f783c005000 r--s 0001d000 08:01 801786                     /home/tsf/Applications/apache-maven-3.3.9/lib/aether-api-1.0.2.v20150114.jar
7f783c005000-7f783c008000 r--s 00013000 08:01 801763                     /home/tsf/Applications/apache-maven-3.3.9/lib/maven-embedder-3.3.9.jar
7f783c008000-7f783c37b000 rw-p 00000000 00:00 0 
7f783c37b000-7f783c554000 r--s 03d3e000 08:01 543628                     /usr/lib/jvm/java-8-oracle/jre/lib/rt.jar
7f783c554000-7f783c782000 rw-p 00000000 00:00 0 
7f783c782000-7f783c783000 ---p 00000000 00:00 0 
7f783c783000-7f783c883000 rw-p 00000000 00:00 0 
7f783c883000-7f783c884000 ---p 00000000 00:00 0 
7f783c884000-7f783c992000 rw-p 00000000 00:00 0 
7f783c992000-7f783ca52000 ---p 00000000 00:00 0 
7f783ca52000-7f783ca82000 rw-p 00000000 00:00 0 
7f783ca82000-7f783cab9000 ---p 00000000 00:00 0 
7f783cab9000-7f783cadf000 rw-p 00000000 00:00 0 
7f783cadf000-7f783ce7a000 ---p 00000000 00:00 0 
7f783ce7a000-7f783ce94000 r-xp 00000000 08:01 543517                     /usr/lib/jvm/java-8-oracle/jre/lib/amd64/libzip.so
7f783ce94000-7f783d094000 ---p 0001a000 08:01 543517                     /usr/lib/jvm/java-8-oracle/jre/lib/amd64/libzip.so
7f783d094000-7f783d095000 rw-p 0001a000 08:01 543517                     /usr/lib/jvm/java-8-oracle/jre/lib/amd64/libzip.so
7f783d095000-7f783d09f000 r-xp 00000000 08:01 266713                     /lib/x86_64-linux-gnu/libnss_files-2.19.so
7f783d09f000-7f783d29e000 ---p 0000a000 08:01 266713                     /lib/x86_64-linux-gnu/libnss_files-2.19.so
7f783d29e000-7f783d29f000 r--p 00009000 08:01 266713                     /lib/x86_64-linux-gnu/libnss_files-2.19.so
7f783d29f000-7f783d2a0000 rw-p 0000a000 08:01 266713                     /lib/x86_64-linux-gnu/libnss_files-2.19.so
7f783d2a0000-7f783d2ab000 r-xp 00000000 08:01 266723                     /lib/x86_64-linux-gnu/libnss_nis-2.19.so
7f783d2ab000-7f783d4aa000 ---p 0000b000 08:01 266723                     /lib/x86_64-linux-gnu/libnss_nis-2.19.so
7f783d4aa000-7f783d4ab000 r--p 0000a000 08:01 266723                     /lib/x86_64-linux-gnu/libnss_nis-2.19.so
7f783d4ab000-7f783d4ac000 rw-p 0000b000 08:01 266723                     /lib/x86_64-linux-gnu/libnss_nis-2.19.so
7f783d4ac000-7f783d4c3000 r-xp 00000000 08:01 266707                     /lib/x86_64-linux-gnu/libnsl-2.19.so
7f783d4c3000-7f783d6c2000 ---p 00017000 08:01 266707                     /lib/x86_64-linux-gnu/libnsl-2.19.so
7f783d6c2000-7f783d6c3000 r--p 00016000 08:01 266707                     /lib/x86_64-linux-gnu/libnsl-2.19.so
7f783d6c3000-7f783d6c4000 rw-p 00017000 08:01 266707                     /lib/x86_64-linux-gnu/libnsl-2.19.so
7f783d6c4000-7f783d6c6000 rw-p 00000000 00:00 0 
7f783d6c6000-7f783d6cf000 r-xp 00000000 08:01 266709                     /lib/x86_64-linux-gnu/libnss_compat-2.19.so
7f783d6cf000-7f783d8ce000 ---p 00009000 08:01 266709                     /lib/x86_64-linux-gnu/libnss_compat-2.19.so
7f783d8ce000-7f783d8cf000 r--p 00008000 08:01 266709                     /lib/x86_64-linux-gnu/libnss_compat-2.19.so
7f783d8cf000-7f783d8d0000 rw-p 00009000 08:01 266709                     /lib/x86_64-linux-gnu/libnss_compat-2.19.so
7f783d8d0000-7f783d8fb000 r-xp 00000000 08:01 543480                     /usr/lib/jvm/java-8-oracle/jre/lib/amd64/libjava.so
7f783d8fb000-7f783dafa000 ---p 0002b000 08:01 543480                     /usr/lib/jvm/java-8-oracle/jre/lib/amd64/libjava.so
7f783dafa000-7f783dafc000 rw-p 0002a000 08:01 543480                     /usr/lib/jvm/java-8-oracle/jre/lib/amd64/libjava.so
7f783dafc000-7f783db09000 r-xp 00000000 08:01 543485                     /usr/lib/jvm/java-8-oracle/jre/lib/amd64/libverify.so
7f783db09000-7f783dd08000 ---p 0000d000 08:01 543485                     /usr/lib/jvm/java-8-oracle/jre/lib/amd64/libverify.so
7f783dd08000-7f783dd0a000 rw-p 0000c000 08:01 543485                     /usr/lib/jvm/java-8-oracle/jre/lib/amd64/libverify.so
7f783dd0a000-7f783dd11000 r-xp 00000000 08:01 266766                     /lib/x86_64-linux-gnu/librt-2.19.so
7f783dd11000-7f783df10000 ---p 00007000 08:01 266766                     /lib/x86_64-linux-gnu/librt-2.19.so
7f783df10000-7f783df11000 r--p 00006000 08:01 266766                     /lib/x86_64-linux-gnu/librt-2.19.so
7f783df11000-7f783df12000 rw-p 00007000 08:01 266766                     /lib/x86_64-linux-gnu/librt-2.19.so
7f783df12000-7f783e017000 r-xp 00000000 08:01 266688                     /lib/x86_64-linux-gnu/libm-2.19.so
7f783e017000-7f783e216000 ---p 00105000 08:01 266688                     /lib/x86_64-linux-gnu/libm-2.19.so
7f783e216000-7f783e217000 r--p 00104000 08:01 266688                     /lib/x86_64-linux-gnu/libm-2.19.so
7f783e217000-7f783e218000 rw-p 00105000 08:01 266688                     /lib/x86_64-linux-gnu/libm-2.19.so
7f783e218000-7f783eee6000 r-xp 00000000 08:01 543467                     /usr/lib/jvm/java-8-oracle/jre/lib/amd64/server/libjvm.so
7f783eee6000-7f783f0e6000 ---p 00cce000 08:01 543467                     /usr/lib/jvm/java-8-oracle/jre/lib/amd64/server/libjvm.so
7f783f0e6000-7f783f1bf000 rw-p 00cce000 08:01 543467                     /usr/lib/jvm/java-8-oracle/jre/lib/amd64/server/libjvm.so
7f783f1bf000-7f783f20a000 rw-p 00000000 00:00 0 
7f783f20a000-7f783f3c4000 r-xp 00000000 08:01 266638                     /lib/x86_64-linux-gnu/libc-2.19.so
7f783f3c4000-7f783f5c4000 ---p 001ba000 08:01 266638                     /lib/x86_64-linux-gnu/libc-2.19.so
7f783f5c4000-7f783f5c8000 r--p 001ba000 08:01 266638                     /lib/x86_64-linux-gnu/libc-2.19.so
7f783f5c8000-7f783f5ca000 rw-p 001be000 08:01 266638                     /lib/x86_64-linux-gnu/libc-2.19.so
7f783f5ca000-7f783f5cf000 rw-p 00000000 00:00 0 
7f783f5cf000-7f783f5d2000 r-xp 00000000 08:01 266655                     /lib/x86_64-linux-gnu/libdl-2.19.so
7f783f5d2000-7f783f7d1000 ---p 00003000 08:01 266655                     /lib/x86_64-linux-gnu/libdl-2.19.so
7f783f7d1000-7f783f7d2000 r--p 00002000 08:01 266655                     /lib/x86_64-linux-gnu/libdl-2.19.so
7f783f7d2000-7f783f7d3000 rw-p 00003000 08:01 266655                     /lib/x86_64-linux-gnu/libdl-2.19.so
7f783f7d3000-7f783f7e8000 r-xp 00000000 08:01 544378                     /usr/lib/jvm/java-8-oracle/lib/amd64/jli/libjli.so
7f783f7e8000-7f783f9e8000 ---p 00015000 08:01 544378                     /usr/lib/jvm/java-8-oracle/lib/amd64/jli/libjli.so
7f783f9e8000-7f783f9e9000 rw-p 00015000 08:01 544378                     /usr/lib/jvm/java-8-oracle/lib/amd64/jli/libjli.so
7f783f9e9000-7f783fa02000 r-xp 00000000 08:01 266758                     /lib/x86_64-linux-gnu/libpthread-2.19.so
7f783fa02000-7f783fc01000 ---p 00019000 08:01 266758                     /lib/x86_64-linux-gnu/libpthread-2.19.so
7f783fc01000-7f783fc02000 r--p 00018000 08:01 266758                     /lib/x86_64-linux-gnu/libpthread-2.19.so
7f783fc02000-7f783fc03000 rw-p 00019000 08:01 266758                     /lib/x86_64-linux-gnu/libpthread-2.19.so
7f783fc03000-7f783fc07000 rw-p 00000000 00:00 0 
7f783fc07000-7f783fc2a000 r-xp 00000000 08:01 266614                     /lib/x86_64-linux-gnu/ld-2.19.so
7f783fc2a000-7f783fc2b000 r--s 0000a000 08:01 801764                     /home/tsf/Applications/apache-maven-3.3.9/lib/maven-settings-3.3.9.jar
7f783fc2b000-7f783fc2c000 r--s 00006000 08:01 801775                     /home/tsf/Applications/apache-maven-3.3.9/lib/maven-repository-metadata-3.3.9.jar
7f783fc2c000-7f783fc2f000 r--s 00008000 08:01 801779                     /home/tsf/Applications/apache-maven-3.3.9/lib/cdi-api-1.0.jar
7f783fc2f000-7f783fc33000 r--s 00027000 08:01 801789                     /home/tsf/Applications/apache-maven-3.3.9/lib/aether-impl-1.0.2.v20150114.jar
7f783fc33000-7f783fc4e000 rw-p 00000000 00:00 0 
7f783fc4e000-7f783fd0e000 ---p 00000000 00:00 0 
7f783fd0e000-7f783fd11000 ---p 00000000 00:00 0 
7f783fd11000-7f783fe13000 rw-p 00000000 00:00 0 
7f783fe13000-7f783fe15000 r--s 00002000 08:01 801774                     /home/tsf/Applications/apache-maven-3.3.9/lib/plexus-cipher-1.7.jar
7f783fe15000-7f783fe1b000 r--s 0002d000 08:01 801778                     /home/tsf/Applications/apache-maven-3.3.9/lib/org.eclipse.sisu.plexus-0.3.2.jar
7f783fe1b000-7f783fe1d000 r--s 0000b000 08:01 801761                     /home/tsf/Applications/apache-maven-3.3.9/boot/plexus-classworlds-2.5.2.jar
7f783fe1d000-7f783fe25000 rw-s 00000000 08:01 942972                     /tmp/hsperfdata_tsf/20004
7f783fe25000-7f783fe26000 rw-p 00000000 00:00 0 
7f783fe26000-7f783fe27000 ---p 00000000 00:00 0 
7f783fe27000-7f783fe29000 rw-p 00000000 00:00 0 
7f783fe29000-7f783fe2a000 r--p 00022000 08:01 266614                     /lib/x86_64-linux-gnu/ld-2.19.so
7f783fe2a000-7f783fe2b000 rw-p 00023000 08:01 266614                     /lib/x86_64-linux-gnu/ld-2.19.so
7f783fe2b000-7f783fe2c000 rw-p 00000000 00:00 0 
7ffdfac0f000-7ffdfac31000 rw-p 00000000 00:00 0                          [stack]
7ffdfad33000-7ffdfad35000 r--p 00000000 00:00 0                          [vvar]
7ffdfad35000-7ffdfad37000 r-xp 00000000 00:00 0                          [vdso]
ffffffffff600000-ffffffffff601000 r-xp 00000000 00:00 0                  [vsyscall]

VM Arguments:
jvm_args: -Dclassworlds.conf=/home/tsf/Applications/apache-maven-3.3.9/bin/m2.conf -Dmaven.home=/home/tsf/Applications/apache-maven-3.3.9 -Dmaven.multiModuleProjectDirectory=/home/tsf/pof-VLC/pof-VLC-stage1 
java_command: org.codehaus.plexus.classworlds.launcher.Launcher clean install
java_class_path (initial): /home/tsf/Applications/apache-maven-3.3.9/boot/plexus-classworlds-2.5.2.jar
Launcher Type: SUN_STANDARD

Environment Variables:
JAVA_HOME=/usr/lib/jvm/java-8-oracle
PATH=/home/tsf/onos/tools/package/runtime/bin:/home/tsf/onos/tools/package/runtime/bin:/usr/local/sbin:/usr/local/bin:/usr/sbin:/usr/bin:/sbin:/bin:/usr/games:/usr/local/games:/usr/lib/jvm/java-8-oracle/bin:/usr/lib/jvm/java-8-oracle/db/bin:/usr/lib/jvm/java-8-oracle/jre/bin:/home/tsf/onos/tools/dev/bin:/home/tsf/onos/tools/test/bin:/home/tsf/onos/tools/test/scenarios/bin:/home/tsf/onos/tools/build:/home/tsf/Applications/apache-maven-3.3.9/bin:/home/tsf/Applications/apache-karaf-3.0.8/bin:/usr/lib/jvm/java-8-oracle/bin:/usr/lib/jvm/java-8-oracle/db/bin:/usr/lib/jvm/java-8-oracle/jre/bin:/home/tsf/onos/tools/dev/bin:/home/tsf/onos/tools/test/bin:/home/tsf/onos/tools/test/scenarios/bin:/home/tsf/onos/tools/build:/home/tsf/Applications/apache-maven-3.3.9/bin:/home/tsf/Applications/apache-karaf-3.0.8/bin
LD_LIBRARY_PATH=./IDEA/IDEA/bin:
SHELL=/bin/bash
DISPLAY=localhost:10.0

Signal Handlers:
SIGSEGV: [libjvm.so+0xac78c0], sa_mask[0]=11111111011111111101111111111110, sa_flags=SA_RESTART|SA_SIGINFO
SIGBUS: [libjvm.so+0xac78c0], sa_mask[0]=11111111011111111101111111111110, sa_flags=SA_RESTART|SA_SIGINFO
SIGFPE: [libjvm.so+0x920ac0], sa_mask[0]=11111111011111111101111111111110, sa_flags=SA_RESTART|SA_SIGINFO
SIGPIPE: [libjvm.so+0x920ac0], sa_mask[0]=11111111011111111101111111111110, sa_flags=SA_RESTART|SA_SIGINFO
SIGXFSZ: [libjvm.so+0x920ac0], sa_mask[0]=11111111011111111101111111111110, sa_flags=SA_RESTART|SA_SIGINFO
SIGILL: [libjvm.so+0x920ac0], sa_mask[0]=11111111011111111101111111111110, sa_flags=SA_RESTART|SA_SIGINFO
SIGUSR1: SIG_DFL, sa_mask[0]=00000000000000000000000000000000, sa_flags=none
SIGUSR2: [libjvm.so+0x922300], sa_mask[0]=00100000000000000000000000000000, sa_flags=SA_RESTART|SA_SIGINFO
SIGHUP: [libjvm.so+0x923700], sa_mask[0]=11111111011111111101111111111110, sa_flags=SA_RESTART|SA_SIGINFO
SIGINT: [libjvm.so+0x923700], sa_mask[0]=11111111011111111101111111111110, sa_flags=SA_RESTART|SA_SIGINFO
SIGTERM: [libjvm.so+0x923700], sa_mask[0]=11111111011111111101111111111110, sa_flags=SA_RESTART|SA_SIGINFO
SIGQUIT: [libjvm.so+0x923700], sa_mask[0]=11111111011111111101111111111110, sa_flags=SA_RESTART|SA_SIGINFO


---------------  S Y S T E M  ---------------

OS:DISTRIB_ID=Ubuntu
DISTRIB_RELEASE=14.04
DISTRIB_CODENAME=trusty
DISTRIB_DESCRIPTION="Ubuntu 14.04.5 LTS"

uname:Linux 4.4.0-31-generic #50~14.04.1-Ubuntu SMP Wed Jul 13 01:07:32 UTC 2016 x86_64
libc:glibc 2.19 NPTL 2.19 
rlimit: STACK 8192k, CORE 0k, NPROC 9797, NOFILE 4096, AS infinity
load average:0.90 0.86 0.73

/proc/meminfo:
MemTotal:        2530532 kB
MemFree:           69456 kB
MemAvailable:      26188 kB
Buffers:            2044 kB
Cached:            23504 kB
SwapCached:         4900 kB
Active:          1994576 kB
Inactive:         304348 kB
Active(anon):    1984828 kB
Inactive(anon):   288752 kB
Active(file):       9748 kB
Inactive(file):    15596 kB
Unevictable:           0 kB
Mlocked:               0 kB
SwapTotal:       1250300 kB
SwapFree:             12 kB
Dirty:               276 kB
Writeback:             0 kB
AnonPages:       2268828 kB
Mapped:            16992 kB
Shmem:                12 kB
Slab:              78808 kB
SReclaimable:      42732 kB
SUnreclaim:        36076 kB
KernelStack:       13456 kB
PageTables:        23452 kB
NFS_Unstable:          0 kB
Bounce:                0 kB
WritebackTmp:          0 kB
CommitLimit:     2515564 kB
Committed_AS:    4538512 kB
VmallocTotal:   34359738367 kB
VmallocUsed:           0 kB
VmallocChunk:          0 kB
HardwareCorrupted:     0 kB
AnonHugePages:   1075200 kB
CmaTotal:              0 kB
CmaFree:               0 kB
HugePages_Total:       0
HugePages_Free:        0
HugePages_Rsvd:        0
HugePages_Surp:        0
Hugepagesize:       2048 kB
DirectMap4k:       67456 kB
DirectMap2M:     2537472 kB


CPU:total 2 (1 cores per cpu, 1 threads per core) family 6 model 62 stepping 4, cmov, cx8, fxsr, mmx, sse, sse2, sse3, ssse3, sse4.1, sse4.2, popcnt, avx, aes, clmul, erms, tsc, tscinvbit

/proc/cpuinfo:
processor	: 0
vendor_id	: GenuineIntel
cpu family	: 6
model		: 62
model name	: Intel(R) Xeon(R) CPU E5-2620 v2 @ 2.10GHz
stepping	: 4
microcode	: 0x417
cpu MHz		: 2094.951
cache size	: 15360 KB
physical id	: 0
siblings	: 1
core id		: 0
cpu cores	: 1
apicid		: 0
initial apicid	: 0
fpu		: yes
fpu_exception	: yes
cpuid level	: 13
wp		: yes
flags		: fpu vme de pse tsc msr pae mce cx8 apic sep mtrr pge mca cmov pat pse36 clflush dts mmx fxsr sse sse2 ss syscall nx rdtscp lm constant_tsc arch_perfmon pebs bts nopl xtopology tsc_reliable nonstop_tsc aperfmperf pni pclmulqdq ssse3 cx16 pcid sse4_1 sse4_2 x2apic popcnt tsc_deadline_timer aes xsave avx f16c rdrand hypervisor lahf_lm epb fsgsbase tsc_adjust smep dtherm ida arat pln pts
bugs		:
bogomips	: 4189.90
clflush size	: 64
cache_alignment	: 64
address sizes	: 42 bits physical, 48 bits virtual
power management:

processor	: 1
vendor_id	: GenuineIntel
cpu family	: 6
model		: 62
model name	: Intel(R) Xeon(R) CPU E5-2620 v2 @ 2.10GHz
stepping	: 4
microcode	: 0x417
cpu MHz		: 2094.951
cache size	: 15360 KB
physical id	: 2
siblings	: 1
core id		: 0
cpu cores	: 1
apicid		: 2
initial apicid	: 2
fpu		: yes
fpu_exception	: yes
cpuid level	: 13
wp		: yes
flags		: fpu vme de pse tsc msr pae mce cx8 apic sep mtrr pge mca cmov pat pse36 clflush dts mmx fxsr sse sse2 ss syscall nx rdtscp lm constant_tsc arch_perfmon pebs bts nopl xtopology tsc_reliable nonstop_tsc aperfmperf pni pclmulqdq ssse3 cx16 pcid sse4_1 sse4_2 x2apic popcnt tsc_deadline_timer aes xsave avx f16c rdrand hypervisor lahf_lm epb fsgsbase tsc_adjust smep dtherm ida arat pln pts
bugs		:
bogomips	: 4189.90
clflush size	: 64
cache_alignment	: 64
address sizes	: 42 bits physical, 48 bits virtual
power management:



Memory: 4k page, physical 2530532k(69456k free), swap 1250300k(12k free)

vm_info: Java HotSpot(TM) 64-Bit Server VM (25.121-b13) for linux-amd64 JRE (1.8.0_121-b13), built on Dec 12 2016 16:36:53 by "java_re" with gcc 4.3.0 20080428 (Red Hat 4.3.0-8)

time: Fri Oct 20 11:40:00 2017
elapsed time: 8 seconds (0d 0h 0m 8s)

